[   24367ms] [LOG] [vite] server connection lost. Polling for restart... @ http://localhost:4322/@vite/client:1695
[   24371ms] [ERROR] WebSocket connection to 'ws://localhost:4322/' failed: Error in connection establishment: net::ERR_CONNECTION_REFUSED @ http://localhost:4322/@vite/client:1766
[   25376ms] [ERROR] WebSocket connection to 'ws://localhost:4322/' failed: Error in connection establishment: net::ERR_CONNECTION_REFUSED @ http://localhost:4322/@vite/client:1766
[   26380ms] [ERROR] WebSocket connection to 'ws://localhost:4322/' failed: Error in connection establishment: net::ERR_CONNECTION_REFUSED @ http://localhost:4322/@vite/client:1766
[   27384ms] [ERROR] WebSocket connection to 'ws://localhost:4322/' failed: Error in connection establishment: net::ERR_CONNECTION_REFUSED @ http://localhost:4322/@vite/client:1766
[   28387ms] [ERROR] WebSocket connection to 'ws://localhost:4322/' failed: Error in connection establishment: net::ERR_CONNECTION_REFUSED @ http://localhost:4322/@vite/client:1766
[   29392ms] [ERROR] WebSocket connection to 'ws://localhost:4322/' failed: Error in connection establishment: net::ERR_CONNECTION_REFUSED @ http://localhost:4322/@vite/client:1766
[   30397ms] [ERROR] WebSocket connection to 'ws://localhost:4322/' failed: Error in connection establishment: net::ERR_CONNECTION_REFUSED @ http://localhost:4322/@vite/client:1766
[   31401ms] [ERROR] WebSocket connection to 'ws://localhost:4322/' failed: Error in connection establishment: net::ERR_CONNECTION_REFUSED @ http://localhost:4322/@vite/client:1766
[   32404ms] [ERROR] WebSocket connection to 'ws://localhost:4322/' failed: Error in connection establishment: net::ERR_CONNECTION_REFUSED @ http://localhost:4322/@vite/client:1766
[   33411ms] [ERROR] WebSocket connection to 'ws://localhost:4322/' failed: Error in connection establishment: net::ERR_CONNECTION_REFUSED @ http://localhost:4322/@vite/client:1766
[   34418ms] [ERROR] WebSocket connection to 'ws://localhost:4322/' failed: Error in connection establishment: net::ERR_CONNECTION_REFUSED @ http://localhost:4322/@vite/client:1766
[   35424ms] [ERROR] WebSocket connection to 'ws://localhost:4322/' failed: Error in connection establishment: net::ERR_CONNECTION_REFUSED @ http://localhost:4322/@vite/client:1766
[   36432ms] [ERROR] WebSocket connection to 'ws://localhost:4322/' failed: Error in connection establishment: net::ERR_CONNECTION_REFUSED @ http://localhost:4322/@vite/client:1766
[   37443ms] [ERROR] WebSocket connection to 'ws://localhost:4322/' failed: Error in connection establishment: net::ERR_CONNECTION_REFUSED @ http://localhost:4322/@vite/client:1766
[   38470ms] [ERROR] WebSocket connection to 'ws://localhost:4322/' failed: Error in connection establishment: net::ERR_CONNECTION_REFUSED @ http://localhost:4322/@vite/client:1766
[   39526ms] [ERROR] WebSocket connection to 'ws://localhost:4322/' failed: Error in connection establishment: net::ERR_CONNECTION_REFUSED @ http://localhost:4322/@vite/client:1766
[   40560ms] [ERROR] WebSocket connection to 'ws://localhost:4322/' failed: Error in connection establishment: net::ERR_CONNECTION_REFUSED @ http://localhost:4322/@vite/client:1766
[   41585ms] [ERROR] WebSocket connection to 'ws://localhost:4322/' failed: Error in connection establishment: net::ERR_CONNECTION_REFUSED @ http://localhost:4322/@vite/client:1766
[   42641ms] [ERROR] WebSocket connection to 'ws://localhost:4322/' failed: Error in connection establishment: net::ERR_CONNECTION_REFUSED @ http://localhost:4322/@vite/client:1766
[   43690ms] [ERROR] WebSocket connection to 'ws://localhost:4322/' failed: Error in connection establishment: net::ERR_CONNECTION_REFUSED @ http://localhost:4322/@vite/client:1766
[   44834ms] [ERROR] WebSocket connection to 'ws://localhost:4322/' failed: Error in connection establishment: net::ERR_CONNECTION_REFUSED @ http://localhost:4322/@vite/client:1766
[   45885ms] [ERROR] WebSocket connection to 'ws://localhost:4322/' failed: Error in connection establishment: net::ERR_CONNECTION_REFUSED @ http://localhost:4322/@vite/client:1766
[   47059ms] [ERROR] WebSocket connection to 'ws://localhost:4322/' failed: Error in connection establishment: net::ERR_CONNECTION_REFUSED @ http://localhost:4322/@vite/client:1766
[   48375ms] [ERROR] WebSocket connection to 'ws://localhost:4322/' failed: Error in connection establishment: net::ERR_CONNECTION_REFUSED @ http://localhost:4322/@vite/client:1766
[   49981ms] [ERROR] WebSocket connection to 'ws://localhost:4322/' failed: Error in connection establishment: net::ERR_CONNECTION_REFUSED @ http://localhost:4322/@vite/client:1766
[   51236ms] [ERROR] WebSocket connection to 'ws://localhost:4322/' failed: Error in connection establishment: net::ERR_CONNECTION_REFUSED @ http://localhost:4322/@vite/client:1766
[   52534ms] [ERROR] WebSocket connection to 'ws://localhost:4322/' failed: Error in connection establishment: net::ERR_CONNECTION_REFUSED @ http://localhost:4322/@vite/client:1766
[   54629ms] [ERROR] WebSocket connection to 'ws://localhost:4322/' failed: Error in connection establishment: net::ERR_CONNECTION_REFUSED @ http://localhost:4322/@vite/client:1766
[   56304ms] [ERROR] WebSocket connection to 'ws://localhost:4322/' failed: Error in connection establishment: net::ERR_CONNECTION_REFUSED @ http://localhost:4322/@vite/client:1766
[   58134ms] [ERROR] WebSocket connection to 'ws://localhost:4322/' failed: Error in connection establishment: net::ERR_CONNECTION_REFUSED @ http://localhost:4322/@vite/client:1766
[   60986ms] [ERROR] WebSocket connection to 'ws://localhost:4322/' failed: Error in connection establishment: net::ERR_CONNECTION_REFUSED @ http://localhost:4322/@vite/client:1766
[   64868ms] [ERROR] WebSocket connection to 'ws://localhost:4322/' failed: Error in connection establishment: net::ERR_CONNECTION_REFUSED @ http://localhost:4322/@vite/client:1766
[   69024ms] [ERROR] WebSocket connection to 'ws://localhost:4322/' failed: Error in connection establishment: net::ERR_CONNECTION_REFUSED @ http://localhost:4322/@vite/client:1766
[   73151ms] [ERROR] WebSocket connection to 'ws://localhost:4322/' failed: Error in connection establishment: net::ERR_CONNECTION_REFUSED @ http://localhost:4322/@vite/client:1766
[   76996ms] [ERROR] WebSocket connection to 'ws://localhost:4322/' failed: Error in connection establishment: net::ERR_CONNECTION_REFUSED @ http://localhost:4322/@vite/client:1766
[   81191ms] [ERROR] WebSocket connection to 'ws://localhost:4322/' failed: Error in connection establishment: net::ERR_CONNECTION_REFUSED @ http://localhost:4322/@vite/client:1766
[   84880ms] [ERROR] WebSocket connection to 'ws://localhost:4322/' failed: Error in connection establishment: net::ERR_CONNECTION_REFUSED @ http://localhost:4322/@vite/client:1766
[   88203ms] [ERROR] WebSocket connection to 'ws://localhost:4322/' failed: Error in connection establishment: net::ERR_CONNECTION_REFUSED @ http://localhost:4322/@vite/client:1766
[   92965ms] [ERROR] WebSocket connection to 'ws://localhost:4322/' failed: Error in connection establishment: net::ERR_CONNECTION_REFUSED @ http://localhost:4322/@vite/client:1766
[   95474ms] [ERROR] WebSocket connection to 'ws://localhost:4322/' failed: Error in connection establishment: net::ERR_CONNECTION_REFUSED @ http://localhost:4322/@vite/client:1766
[   99974ms] [ERROR] WebSocket connection to 'ws://localhost:4322/' failed: Error in connection establishment: net::ERR_CONNECTION_REFUSED @ http://localhost:4322/@vite/client:1766
[  102666ms] [ERROR] WebSocket connection to 'ws://localhost:4322/' failed: Error in connection establishment: net::ERR_CONNECTION_REFUSED @ http://localhost:4322/@vite/client:1766
[  106904ms] [ERROR] WebSocket connection to 'ws://localhost:4322/' failed: Error in connection establishment: net::ERR_CONNECTION_REFUSED @ http://localhost:4322/@vite/client:1766
[  110203ms] [ERROR] WebSocket connection to 'ws://localhost:4322/' failed: Error in connection establishment: net::ERR_CONNECTION_REFUSED @ http://localhost:4322/@vite/client:1766
[  112551ms] [ERROR] WebSocket connection to 'ws://localhost:4322/' failed: Error in connection establishment: net::ERR_CONNECTION_REFUSED @ http://localhost:4322/@vite/client:1766
[  117536ms] [ERROR] WebSocket connection to 'ws://localhost:4322/' failed: Error in connection establishment: net::ERR_CONNECTION_REFUSED @ http://localhost:4322/@vite/client:1766
[  120003ms] [ERROR] WebSocket connection to 'ws://localhost:4322/' failed: Error in connection establishment: net::ERR_CONNECTION_REFUSED @ http://localhost:4322/@vite/client:1766
[  124942ms] [ERROR] WebSocket connection to 'ws://localhost:4322/' failed: Error in connection establishment: net::ERR_CONNECTION_REFUSED @ http://localhost:4322/@vite/client:1766
[  129193ms] [ERROR] WebSocket connection to 'ws://localhost:4322/' failed: Error in connection establishment: net::ERR_CONNECTION_REFUSED @ http://localhost:4322/@vite/client:1766
[  132850ms] [ERROR] WebSocket connection to 'ws://localhost:4322/' failed: Error in connection establishment: net::ERR_CONNECTION_REFUSED @ http://localhost:4322/@vite/client:1766
[  138017ms] [ERROR] WebSocket connection to 'ws://localhost:4322/' failed: Error in connection establishment: net::ERR_CONNECTION_REFUSED @ http://localhost:4322/@vite/client:1766
[  141176ms] [ERROR] WebSocket connection to 'ws://localhost:4322/' failed: Error in connection establishment: net::ERR_CONNECTION_REFUSED @ http://localhost:4322/@vite/client:1766
[  143691ms] [ERROR] WebSocket connection to 'ws://localhost:4322/' failed: Error in connection establishment: net::ERR_CONNECTION_REFUSED @ http://localhost:4322/@vite/client:1766
[  148226ms] [ERROR] WebSocket connection to 'ws://localhost:4322/' failed: Error in connection establishment: net::ERR_CONNECTION_REFUSED @ http://localhost:4322/@vite/client:1766
[  151086ms] [ERROR] WebSocket connection to 'ws://localhost:4322/' failed: Error in connection establishment: net::ERR_CONNECTION_REFUSED @ http://localhost:4322/@vite/client:1766
[  155786ms] [ERROR] WebSocket connection to 'ws://localhost:4322/' failed: Error in connection establishment: net::ERR_CONNECTION_REFUSED @ http://localhost:4322/@vite/client:1766
[  160454ms] [ERROR] WebSocket connection to 'ws://localhost:4322/' failed: Error in connection establishment: net::ERR_CONNECTION_REFUSED @ http://localhost:4322/@vite/client:1766
[  166120ms] [ERROR] WebSocket connection to 'ws://localhost:4322/' failed: Error in connection establishment: net::ERR_CONNECTION_REFUSED @ http://localhost:4322/@vite/client:1766
[  168810ms] [ERROR] WebSocket connection to 'ws://localhost:4322/' failed: Error in connection establishment: net::ERR_CONNECTION_REFUSED @ http://localhost:4322/@vite/client:1766
[  171307ms] [ERROR] WebSocket connection to 'ws://localhost:4322/' failed: Error in connection establishment: net::ERR_CONNECTION_REFUSED @ http://localhost:4322/@vite/client:1766
[  174609ms] [ERROR] WebSocket connection to 'ws://localhost:4322/' failed: Error in connection establishment: net::ERR_CONNECTION_REFUSED @ http://localhost:4322/@vite/client:1766
[  178248ms] [ERROR] WebSocket connection to 'ws://localhost:4322/' failed: Error in connection establishment: net::ERR_CONNECTION_REFUSED @ http://localhost:4322/@vite/client:1766
[  180269ms] [ERROR] WebSocket connection to 'ws://localhost:4322/' failed: Error in connection establishment: net::ERR_CONNECTION_REFUSED @ http://localhost:4322/@vite/client:1766
[  183646ms] [ERROR] WebSocket connection to 'ws://localhost:4322/' failed: Error in connection establishment: net::ERR_CONNECTION_REFUSED @ http://localhost:4322/@vite/client:1766
[  185941ms] [ERROR] WebSocket connection to 'ws://localhost:4322/' failed: Error in connection establishment: net::ERR_CONNECTION_REFUSED @ http://localhost:4322/@vite/client:1766
[  190804ms] [ERROR] WebSocket connection to 'ws://localhost:4322/' failed: Error in connection establishment: net::ERR_CONNECTION_REFUSED @ http://localhost:4322/@vite/client:1766
[  193582ms] [ERROR] WebSocket connection to 'ws://localhost:4322/' failed: Error in connection establishment: net::ERR_CONNECTION_REFUSED @ http://localhost:4322/@vite/client:1766
[  198840ms] [ERROR] WebSocket connection to 'ws://localhost:4322/' failed: Error in connection establishment: net::ERR_CONNECTION_REFUSED @ http://localhost:4322/@vite/client:1766
[  201116ms] [ERROR] WebSocket connection to 'ws://localhost:4322/' failed: Error in connection establishment: net::ERR_CONNECTION_REFUSED @ http://localhost:4322/@vite/client:1766
[  204709ms] [ERROR] WebSocket connection to 'ws://localhost:4322/' failed: Error in connection establishment: net::ERR_CONNECTION_REFUSED @ http://localhost:4322/@vite/client:1766
[  208691ms] [ERROR] WebSocket connection to 'ws://localhost:4322/' failed: Error in connection establishment: net::ERR_CONNECTION_REFUSED @ http://localhost:4322/@vite/client:1766
[  210850ms] [ERROR] WebSocket connection to 'ws://localhost:4322/' failed: Error in connection establishment: net::ERR_CONNECTION_REFUSED @ http://localhost:4322/@vite/client:1766
[  215369ms] [ERROR] WebSocket connection to 'ws://localhost:4322/' failed: Error in connection establishment: net::ERR_CONNECTION_REFUSED @ http://localhost:4322/@vite/client:1766
[  218940ms] [ERROR] WebSocket connection to 'ws://localhost:4322/' failed: Error in connection establishment: net::ERR_CONNECTION_REFUSED @ http://localhost:4322/@vite/client:1766
[  223070ms] [ERROR] WebSocket connection to 'ws://localhost:4322/' failed: Error in connection establishment: net::ERR_CONNECTION_REFUSED @ http://localhost:4322/@vite/client:1766
[  228978ms] [ERROR] WebSocket connection to 'ws://localhost:4322/' failed: Error in connection establishment: net::ERR_CONNECTION_REFUSED @ http://localhost:4322/@vite/client:1766
[  231767ms] [ERROR] WebSocket connection to 'ws://localhost:4322/' failed: Error in connection establishment: net::ERR_CONNECTION_REFUSED @ http://localhost:4322/@vite/client:1766
[  235648ms] [ERROR] WebSocket connection to 'ws://localhost:4322/' failed: Error in connection establishment: net::ERR_CONNECTION_REFUSED @ http://localhost:4322/@vite/client:1766
[  241476ms] [ERROR] WebSocket connection to 'ws://localhost:4322/' failed: Error in connection establishment: net::ERR_CONNECTION_REFUSED @ http://localhost:4322/@vite/client:1766
[  247476ms] [ERROR] WebSocket connection to 'ws://localhost:4322/' failed: Error in connection establishment: net::ERR_CONNECTION_REFUSED @ http://localhost:4322/@vite/client:1766
[  252202ms] [ERROR] WebSocket connection to 'ws://localhost:4322/' failed: Error in connection establishment: net::ERR_CONNECTION_REFUSED @ http://localhost:4322/@vite/client:1766
[  257400ms] [ERROR] WebSocket connection to 'ws://localhost:4322/' failed: Error in connection establishment: net::ERR_CONNECTION_REFUSED @ http://localhost:4322/@vite/client:1766
[  262360ms] [ERROR] WebSocket connection to 'ws://localhost:4322/' failed: Error in connection establishment: net::ERR_CONNECTION_REFUSED @ http://localhost:4322/@vite/client:1766
[  267618ms] [ERROR] WebSocket connection to 'ws://localhost:4322/' failed: Error in connection establishment: net::ERR_CONNECTION_REFUSED @ http://localhost:4322/@vite/client:1766
[  272377ms] [ERROR] WebSocket connection to 'ws://localhost:4322/' failed: Error in connection establishment: net::ERR_CONNECTION_REFUSED @ http://localhost:4322/@vite/client:1766
[  274502ms] [ERROR] WebSocket connection to 'ws://localhost:4322/' failed: Error in connection establishment: net::ERR_CONNECTION_REFUSED @ http://localhost:4322/@vite/client:1766
[  278685ms] [ERROR] WebSocket connection to 'ws://localhost:4322/' failed: Error in connection establishment: net::ERR_CONNECTION_REFUSED @ http://localhost:4322/@vite/client:1766
[  282745ms] [ERROR] WebSocket connection to 'ws://localhost:4322/' failed: Error in connection establishment: net::ERR_CONNECTION_REFUSED @ http://localhost:4322/@vite/client:1766
[  286932ms] [ERROR] WebSocket connection to 'ws://localhost:4322/' failed: Error in connection establishment: net::ERR_CONNECTION_REFUSED @ http://localhost:4322/@vite/client:1766
[  292061ms] [ERROR] WebSocket connection to 'ws://localhost:4322/' failed: Error in connection establishment: net::ERR_CONNECTION_REFUSED @ http://localhost:4322/@vite/client:1766
[  294994ms] [ERROR] WebSocket connection to 'ws://localhost:4322/' failed: Error in connection establishment: net::ERR_CONNECTION_REFUSED @ http://localhost:4322/@vite/client:1766
[  299851ms] [ERROR] WebSocket connection to 'ws://localhost:4322/' failed: Error in connection establishment: net::ERR_CONNECTION_REFUSED @ http://localhost:4322/@vite/client:1766
[  302630ms] [ERROR] WebSocket connection to 'ws://localhost:4322/' failed: Error in connection establishment: net::ERR_CONNECTION_REFUSED @ http://localhost:4322/@vite/client:1766
[  306831ms] [ERROR] WebSocket connection to 'ws://localhost:4322/' failed: Error in connection establishment: net::ERR_CONNECTION_REFUSED @ http://localhost:4322/@vite/client:1766
[  312454ms] [ERROR] WebSocket connection to 'ws://localhost:4322/' failed: Error in connection establishment: net::ERR_CONNECTION_REFUSED @ http://localhost:4322/@vite/client:1766
[  316342ms] [ERROR] WebSocket connection to 'ws://localhost:4322/' failed: Error in connection establishment: net::ERR_CONNECTION_REFUSED @ http://localhost:4322/@vite/client:1766
[  320744ms] [ERROR] WebSocket connection to 'ws://localhost:4322/' failed: Error in connection establishment: net::ERR_CONNECTION_REFUSED @ http://localhost:4322/@vite/client:1766
[  325220ms] [ERROR] WebSocket connection to 'ws://localhost:4322/' failed: Error in connection establishment: net::ERR_CONNECTION_REFUSED @ http://localhost:4322/@vite/client:1766
[  330727ms] [ERROR] WebSocket connection to 'ws://localhost:4322/' failed: Error in connection establishment: net::ERR_CONNECTION_REFUSED @ http://localhost:4322/@vite/client:1766
[  335701ms] [ERROR] WebSocket connection to 'ws://localhost:4322/' failed: Error in connection establishment: net::ERR_CONNECTION_REFUSED @ http://localhost:4322/@vite/client:1766
[  341517ms] [ERROR] WebSocket connection to 'ws://localhost:4322/' failed: Error in connection establishment: net::ERR_CONNECTION_REFUSED @ http://localhost:4322/@vite/client:1766
[  347003ms] [ERROR] WebSocket connection to 'ws://localhost:4322/' failed: Error in connection establishment: net::ERR_CONNECTION_REFUSED @ http://localhost:4322/@vite/client:1766
[  351726ms] [ERROR] WebSocket connection to 'ws://localhost:4322/' failed: Error in connection establishment: net::ERR_CONNECTION_REFUSED @ http://localhost:4322/@vite/client:1766
[  355835ms] [ERROR] WebSocket connection to 'ws://localhost:4322/' failed: Error in connection establishment: net::ERR_CONNECTION_REFUSED @ http://localhost:4322/@vite/client:1766
[  360232ms] [ERROR] WebSocket connection to 'ws://localhost:4322/' failed: Error in connection establishment: net::ERR_CONNECTION_REFUSED @ http://localhost:4322/@vite/client:1766
[  361236ms] [ERROR] WebSocket connection to 'ws://localhost:4322/' failed: Error in connection establishment: net::ERR_CONNECTION_REFUSED @ http://localhost:4322/@vite/client:1766
[  362240ms] [ERROR] WebSocket connection to 'ws://localhost:4322/' failed: Error in connection establishment: net::ERR_CONNECTION_REFUSED @ http://localhost:4322/@vite/client:1766
[  363243ms] [ERROR] WebSocket connection to 'ws://localhost:4322/' failed: Error in connection establishment: net::ERR_CONNECTION_REFUSED @ http://localhost:4322/@vite/client:1766
[  364248ms] [ERROR] WebSocket connection to 'ws://localhost:4322/' failed: Error in connection establishment: net::ERR_CONNECTION_REFUSED @ http://localhost:4322/@vite/client:1766
[  365253ms] [ERROR] WebSocket connection to 'ws://localhost:4322/' failed: Error in connection establishment: net::ERR_CONNECTION_REFUSED @ http://localhost:4322/@vite/client:1766
[  366263ms] [ERROR] WebSocket connection to 'ws://localhost:4322/' failed: Error in connection establishment: net::ERR_CONNECTION_REFUSED @ http://localhost:4322/@vite/client:1766
[  367275ms] [ERROR] WebSocket connection to 'ws://localhost:4322/' failed: Error in connection establishment: net::ERR_CONNECTION_REFUSED @ http://localhost:4322/@vite/client:1766
[  368292ms] [ERROR] WebSocket connection to 'ws://localhost:4322/' failed: Error in connection establishment: net::ERR_CONNECTION_REFUSED @ http://localhost:4322/@vite/client:1766
[  369308ms] [ERROR] WebSocket connection to 'ws://localhost:4322/' failed: Error in connection establishment: net::ERR_CONNECTION_REFUSED @ http://localhost:4322/@vite/client:1766
[  370369ms] [ERROR] WebSocket connection to 'ws://localhost:4322/' failed: Error in connection establishment: net::ERR_CONNECTION_REFUSED @ http://localhost:4322/@vite/client:1766
[  371451ms] [ERROR] WebSocket connection to 'ws://localhost:4322/' failed: Error in connection establishment: net::ERR_CONNECTION_REFUSED @ http://localhost:4322/@vite/client:1766
[  372769ms] [ERROR] WebSocket connection to 'ws://localhost:4322/' failed: Error in connection establishment: net::ERR_CONNECTION_REFUSED @ http://localhost:4322/@vite/client:1766
[  374369ms] [ERROR] WebSocket connection to 'ws://localhost:4322/' failed: Error in connection establishment: net::ERR_CONNECTION_REFUSED @ http://localhost:4322/@vite/client:1766
[  376343ms] [ERROR] WebSocket connection to 'ws://localhost:4322/' failed: Error in connection establishment: net::ERR_CONNECTION_REFUSED @ http://localhost:4322/@vite/client:1766
[  379368ms] [ERROR] WebSocket connection to 'ws://localhost:4322/' failed: Error in connection establishment: net::ERR_CONNECTION_REFUSED @ http://localhost:4322/@vite/client:1766
[  382224ms] [ERROR] WebSocket connection to 'ws://localhost:4322/' failed: Error in connection establishment: net::ERR_CONNECTION_REFUSED @ http://localhost:4322/@vite/client:1766
[  385051ms] [ERROR] WebSocket connection to 'ws://localhost:4322/' failed: Error in connection establishment: net::ERR_CONNECTION_REFUSED @ http://localhost:4322/@vite/client:1766
[  390618ms] [ERROR] WebSocket connection to 'ws://localhost:4322/' failed: Error in connection establishment: net::ERR_CONNECTION_REFUSED @ http://localhost:4322/@vite/client:1766
[  393785ms] [ERROR] WebSocket connection to 'ws://localhost:4322/' failed: Error in connection establishment: net::ERR_CONNECTION_REFUSED @ http://localhost:4322/@vite/client:1766
[  395884ms] [ERROR] WebSocket connection to 'ws://localhost:4322/' failed: Error in connection establishment: net::ERR_CONNECTION_REFUSED @ http://localhost:4322/@vite/client:1766
[  399562ms] [ERROR] WebSocket connection to 'ws://localhost:4322/' failed: Error in connection establishment: net::ERR_CONNECTION_REFUSED @ http://localhost:4322/@vite/client:1766
[  404416ms] [ERROR] WebSocket connection to 'ws://localhost:4322/' failed: Error in connection establishment: net::ERR_CONNECTION_REFUSED @ http://localhost:4322/@vite/client:1766
[  408583ms] [ERROR] WebSocket connection to 'ws://localhost:4322/' failed: Error in connection establishment: net::ERR_CONNECTION_REFUSED @ http://localhost:4322/@vite/client:1766
[  411976ms] [ERROR] WebSocket connection to 'ws://localhost:4322/' failed: Error in connection establishment: net::ERR_CONNECTION_REFUSED @ http://localhost:4322/@vite/client:1766
[  415971ms] [ERROR] WebSocket connection to 'ws://localhost:4322/' failed: Error in connection establishment: net::ERR_CONNECTION_REFUSED @ http://localhost:4322/@vite/client:1766
[  419692ms] [ERROR] WebSocket connection to 'ws://localhost:4322/' failed: Error in connection establishment: net::ERR_CONNECTION_REFUSED @ http://localhost:4322/@vite/client:1766
[  425570ms] [ERROR] WebSocket connection to 'ws://localhost:4322/' failed: Error in connection establishment: net::ERR_CONNECTION_REFUSED @ http://localhost:4322/@vite/client:1766
[  429983ms] [ERROR] WebSocket connection to 'ws://localhost:4322/' failed: Error in connection establishment: net::ERR_CONNECTION_REFUSED @ http://localhost:4322/@vite/client:1766
[  434286ms] [ERROR] WebSocket connection to 'ws://localhost:4322/' failed: Error in connection establishment: net::ERR_CONNECTION_REFUSED @ http://localhost:4322/@vite/client:1766
[  438118ms] [ERROR] WebSocket connection to 'ws://localhost:4322/' failed: Error in connection establishment: net::ERR_CONNECTION_REFUSED @ http://localhost:4322/@vite/client:1766
[  441240ms] [ERROR] WebSocket connection to 'ws://localhost:4322/' failed: Error in connection establishment: net::ERR_CONNECTION_REFUSED @ http://localhost:4322/@vite/client:1766
[  446768ms] [ERROR] WebSocket connection to 'ws://localhost:4322/' failed: Error in connection establishment: net::ERR_CONNECTION_REFUSED @ http://localhost:4322/@vite/client:1766
[  450285ms] [ERROR] WebSocket connection to 'ws://localhost:4322/' failed: Error in connection establishment: net::ERR_CONNECTION_REFUSED @ http://localhost:4322/@vite/client:1766
[  452467ms] [ERROR] WebSocket connection to 'ws://localhost:4322/' failed: Error in connection establishment: net::ERR_CONNECTION_REFUSED @ http://localhost:4322/@vite/client:1766
[  457864ms] [ERROR] WebSocket connection to 'ws://localhost:4322/' failed: Error in connection establishment: net::ERR_CONNECTION_REFUSED @ http://localhost:4322/@vite/client:1766
[  460383ms] [ERROR] WebSocket connection to 'ws://localhost:4322/' failed: Error in connection establishment: net::ERR_CONNECTION_REFUSED @ http://localhost:4322/@vite/client:1766
[  465118ms] [ERROR] WebSocket connection to 'ws://localhost:4322/' failed: Error in connection establishment: net::ERR_CONNECTION_REFUSED @ http://localhost:4322/@vite/client:1766
[  470154ms] [ERROR] WebSocket connection to 'ws://localhost:4322/' failed: Error in connection establishment: net::ERR_CONNECTION_REFUSED @ http://localhost:4322/@vite/client:1766
[  473016ms] [ERROR] WebSocket connection to 'ws://localhost:4322/' failed: Error in connection establishment: net::ERR_CONNECTION_REFUSED @ http://localhost:4322/@vite/client:1766
[  475738ms] [ERROR] WebSocket connection to 'ws://localhost:4322/' failed: Error in connection establishment: net::ERR_CONNECTION_REFUSED @ http://localhost:4322/@vite/client:1766
[  478092ms] [ERROR] WebSocket connection to 'ws://localhost:4322/' failed: Error in connection establishment: net::ERR_CONNECTION_REFUSED @ http://localhost:4322/@vite/client:1766
[  480323ms] [ERROR] WebSocket connection to 'ws://localhost:4322/' failed: Error in connection establishment: net::ERR_CONNECTION_REFUSED @ http://localhost:4322/@vite/client:1766
[  481327ms] [ERROR] WebSocket connection to 'ws://localhost:4322/' failed: Error in connection establishment: net::ERR_CONNECTION_REFUSED @ http://localhost:4322/@vite/client:1766
[  482331ms] [ERROR] WebSocket connection to 'ws://localhost:4322/' failed: Error in connection establishment: net::ERR_CONNECTION_REFUSED @ http://localhost:4322/@vite/client:1766
[  483335ms] [ERROR] WebSocket connection to 'ws://localhost:4322/' failed: Error in connection establishment: net::ERR_CONNECTION_REFUSED @ http://localhost:4322/@vite/client:1766
[  484341ms] [ERROR] WebSocket connection to 'ws://localhost:4322/' failed: Error in connection establishment: net::ERR_CONNECTION_REFUSED @ http://localhost:4322/@vite/client:1766
[  485345ms] [ERROR] WebSocket connection to 'ws://localhost:4322/' failed: Error in connection establishment: net::ERR_CONNECTION_REFUSED @ http://localhost:4322/@vite/client:1766
[  486353ms] [ERROR] WebSocket connection to 'ws://localhost:4322/' failed: Error in connection establishment: net::ERR_CONNECTION_REFUSED @ http://localhost:4322/@vite/client:1766
[  487363ms] [ERROR] WebSocket connection to 'ws://localhost:4322/' failed: Error in connection establishment: net::ERR_CONNECTION_REFUSED @ http://localhost:4322/@vite/client:1766
[  488384ms] [ERROR] WebSocket connection to 'ws://localhost:4322/' failed: Error in connection establishment: net::ERR_CONNECTION_REFUSED @ http://localhost:4322/@vite/client:1766
[  489402ms] [ERROR] WebSocket connection to 'ws://localhost:4322/' failed: Error in connection establishment: net::ERR_CONNECTION_REFUSED @ http://localhost:4322/@vite/client:1766
[  490435ms] [ERROR] WebSocket connection to 'ws://localhost:4322/' failed: Error in connection establishment: net::ERR_CONNECTION_REFUSED @ http://localhost:4322/@vite/client:1766
[  491592ms] [ERROR] WebSocket connection to 'ws://localhost:4322/' failed: Error in connection establishment: net::ERR_CONNECTION_REFUSED @ http://localhost:4322/@vite/client:1766
[  492729ms] [ERROR] WebSocket connection to 'ws://localhost:4322/' failed: Error in connection establishment: net::ERR_CONNECTION_REFUSED @ http://localhost:4322/@vite/client:1766
[  494352ms] [ERROR] WebSocket connection to 'ws://localhost:4322/' failed: Error in connection establishment: net::ERR_CONNECTION_REFUSED @ http://localhost:4322/@vite/client:1766
[  495894ms] [ERROR] WebSocket connection to 'ws://localhost:4322/' failed: Error in connection establishment: net::ERR_CONNECTION_REFUSED @ http://localhost:4322/@vite/client:1766
[  498060ms] [ERROR] WebSocket connection to 'ws://localhost:4322/' failed: Error in connection establishment: net::ERR_CONNECTION_REFUSED @ http://localhost:4322/@vite/client:1766
[  500385ms] [ERROR] WebSocket connection to 'ws://localhost:4322/' failed: Error in connection establishment: net::ERR_CONNECTION_REFUSED @ http://localhost:4322/@vite/client:1766
[  504501ms] [ERROR] WebSocket connection to 'ws://localhost:4322/' failed: Error in connection establishment: net::ERR_CONNECTION_REFUSED @ http://localhost:4322/@vite/client:1766
[  509685ms] [ERROR] WebSocket connection to 'ws://localhost:4322/' failed: Error in connection establishment: net::ERR_CONNECTION_REFUSED @ http://localhost:4322/@vite/client:1766
[  513986ms] [ERROR] WebSocket connection to 'ws://localhost:4322/' failed: Error in connection establishment: net::ERR_CONNECTION_REFUSED @ http://localhost:4322/@vite/client:1766
[  516569ms] [ERROR] WebSocket connection to 'ws://localhost:4322/' failed: Error in connection establishment: net::ERR_CONNECTION_REFUSED @ http://localhost:4322/@vite/client:1766
[  520295ms] [ERROR] WebSocket connection to 'ws://localhost:4322/' failed: Error in connection establishment: net::ERR_CONNECTION_REFUSED @ http://localhost:4322/@vite/client:1766
[  523724ms] [ERROR] WebSocket connection to 'ws://localhost:4322/' failed: Error in connection establishment: net::ERR_CONNECTION_REFUSED @ http://localhost:4322/@vite/client:1766
[  525905ms] [ERROR] WebSocket connection to 'ws://localhost:4322/' failed: Error in connection establishment: net::ERR_CONNECTION_REFUSED @ http://localhost:4322/@vite/client:1766
[  717922ms] [ERROR] Failed to load resource: the server responded with a status of 404 (Not Found) @ http://localhost:4322/favicon.ico:0
[  920764ms] [LOG] [vite] server connection lost. Polling for restart... @ http://localhost:4322/@vite/client:1695
[  920824ms] [ERROR] WebSocket connection to 'ws://localhost:4322/' failed: Error in connection establishment: net::ERR_CONNECTION_REFUSED @ http://localhost:4322/@vite/client:1766
[  921829ms] [ERROR] WebSocket connection to 'ws://localhost:4322/' failed: Error in connection establishment: net::ERR_CONNECTION_REFUSED @ http://localhost:4322/@vite/client:1766
[  922833ms] [ERROR] WebSocket connection to 'ws://localhost:4322/' failed: Error in connection establishment: net::ERR_CONNECTION_REFUSED @ http://localhost:4322/@vite/client:1766
[  923835ms] [ERROR] WebSocket connection to 'ws://localhost:4322/' failed: Error in connection establishment: net::ERR_CONNECTION_REFUSED @ http://localhost:4322/@vite/client:1766
[  924838ms] [ERROR] WebSocket connection to 'ws://localhost:4322/' failed: Error in connection establishment: net::ERR_CONNECTION_REFUSED @ http://localhost:4322/@vite/client:1766
[  925841ms] [ERROR] WebSocket connection to 'ws://localhost:4322/' failed: Error in connection establishment: net::ERR_CONNECTION_REFUSED @ http://localhost:4322/@vite/client:1766
[  926843ms] [ERROR] WebSocket connection to 'ws://localhost:4322/' failed: Error in connection establishment: net::ERR_CONNECTION_REFUSED @ http://localhost:4322/@vite/client:1766
[  927847ms] [ERROR] WebSocket connection to 'ws://localhost:4322/' failed: Error in connection establishment: net::ERR_CONNECTION_REFUSED @ http://localhost:4322/@vite/client:1766
[  928851ms] [ERROR] WebSocket connection to 'ws://localhost:4322/' failed: Error in connection establishment: net::ERR_CONNECTION_REFUSED @ http://localhost:4322/@vite/client:1766
[  929855ms] [ERROR] WebSocket connection to 'ws://localhost:4322/' failed: Error in connection establishment: net::ERR_CONNECTION_REFUSED @ http://localhost:4322/@vite/client:1766
[  930857ms] [ERROR] WebSocket connection to 'ws://localhost:4322/' failed: Error in connection establishment: net::ERR_CONNECTION_REFUSED @ http://localhost:4322/@vite/client:1766
[  931859ms] [ERROR] WebSocket connection to 'ws://localhost:4322/' failed: Error in connection establishment: net::ERR_CONNECTION_REFUSED @ http://localhost:4322/@vite/client:1766
[  932861ms] [ERROR] WebSocket connection to 'ws://localhost:4322/' failed: Error in connection establishment: net::ERR_CONNECTION_REFUSED @ http://localhost:4322/@vite/client:1766
[  933865ms] [ERROR] WebSocket connection to 'ws://localhost:4322/' failed: Error in connection establishment: net::ERR_CONNECTION_REFUSED @ http://localhost:4322/@vite/client:1766
[  934869ms] [ERROR] WebSocket connection to 'ws://localhost:4322/' failed: Error in connection establishment: net::ERR_CONNECTION_REFUSED @ http://localhost:4322/@vite/client:1766
